2021-10-09T12:58:38+00:00 CRITICAL Uncaught Exception: Invalid data: {"data":["Array","Array"],"element":"Array"} in C:\xampp\htdocs\sumaz\wp-content\plugins\elementor\core\base\document.php:851
Stack trace:
#0 C:\xampp\htdocs\sumaz\wp-content\plugins\astra-sites\inc\importers\batch-processing\class-astra-sites-batch-processing-elementor.php(122): Elementor\Core\Base\Document->get_elements_raw_data(Array, true)
#1 C:\xampp\htdocs\sumaz\wp-content\plugins\astra-sites\inc\importers\batch-processing\class-astra-sites-batch-processing-elementor.php(66): Elementor\TemplateLibrary\Astra_Sites_Batch_Processing_Elementor->import_single_post(14)
#2 C:\xampp\htdocs\sumaz\wp-content\plugins\astra-sites\inc\importers\batch-processing\helpers\class-wp-background-process-astra.php(41): Elementor\TemplateLibrary\Astra_Sites_Batch_Processing_Elementor->import()
#3 C:\xampp\htdocs\sumaz\wp-content\plugins\woocommerce\includes\libraries\wp-background-process.php(301): WP_Background_Process_Astra->task(Object(Elementor\TemplateLibrary\Astra_Sites_Batch_Processing_Elementor))
#4 C:\xampp\htdocs\sumaz\wp-content\plugins\woocommerce\includes\libraries\wp-background-process.php(447): WP_Background_Process->handle()
#5 C:\xampp\htdocs\sumaz\wp-includes\class-wp-hook.php(303): WP_Background_Process->handle_cron_healthcheck()
#6 C:\xampp\htdocs\sumaz\wp-includes\class-wp-hook.php(327): WP_Hook->apply_filters('', Array)
#7 C:\xampp\htdocs\sumaz\wp-includes\plugin.php(518): WP_Hook->do_action(Array)
#8 C:\xampp\htdocs\sumaz\wp-cron.php(138): do_action_ref_array('wp_image_proces...', Array)
#9 {main}
  thrown in C:\xampp\htdocs\sumaz\wp-content\plugins\elementor\core\base\document.php on line 851

2021-10-09T13:03:19+00:00 CRITICAL Uncaught Exception: Invalid data: {"data":["Array","Array"],"element":"Array"} in C:\xampp\htdocs\sumaz\wp-content\plugins\elementor\core\base\document.php:851
Stack trace:
#0 C:\xampp\htdocs\sumaz\wp-content\plugins\astra-sites\inc\importers\batch-processing\class-astra-sites-batch-processing-elementor.php(122): Elementor\Core\Base\Document->get_elements_raw_data(Array, true)
#1 C:\xampp\htdocs\sumaz\wp-content\plugins\astra-sites\inc\importers\batch-processing\class-astra-sites-batch-processing-elementor.php(66): Elementor\TemplateLibrary\Astra_Sites_Batch_Processing_Elementor->import_single_post(14)
#2 C:\xampp\htdocs\sumaz\wp-content\plugins\astra-sites\inc\importers\batch-processing\helpers\class-wp-background-process-astra.php(41): Elementor\TemplateLibrary\Astra_Sites_Batch_Processing_Elementor->import()
#3 C:\xampp\htdocs\sumaz\wp-content\plugins\woocommerce\includes\libraries\wp-background-process.php(301): WP_Background_Process_Astra->task(Object(Elementor\TemplateLibrary\Astra_Sites_Batch_Processing_Elementor))
#4 C:\xampp\htdocs\sumaz\wp-content\plugins\woocommerce\includes\libraries\wp-background-process.php(447): WP_Background_Process->handle()
#5 C:\xampp\htdocs\sumaz\wp-includes\class-wp-hook.php(303): WP_Background_Process->handle_cron_healthcheck()
#6 C:\xampp\htdocs\sumaz\wp-includes\class-wp-hook.php(327): WP_Hook->apply_filters('', Array)
#7 C:\xampp\htdocs\sumaz\wp-includes\plugin.php(518): WP_Hook->do_action(Array)
#8 C:\xampp\htdocs\sumaz\wp-cron.php(138): do_action_ref_array('wp_image_proces...', Array)
#9 {main}
  thrown in C:\xampp\htdocs\sumaz\wp-content\plugins\elementor\core\base\document.php on line 851

2021-10-09T13:08:00+00:00 CRITICAL Uncaught Exception: Invalid data: {"data":["Array","Array"],"element":"Array"} in C:\xampp\htdocs\sumaz\wp-content\plugins\elementor\core\base\document.php:851
Stack trace:
#0 C:\xampp\htdocs\sumaz\wp-content\plugins\astra-sites\inc\importers\batch-processing\class-astra-sites-batch-processing-elementor.php(122): Elementor\Core\Base\Document->get_elements_raw_data(Array, true)
#1 C:\xampp\htdocs\sumaz\wp-content\plugins\astra-sites\inc\importers\batch-processing\class-astra-sites-batch-processing-elementor.php(66): Elementor\TemplateLibrary\Astra_Sites_Batch_Processing_Elementor->import_single_post(14)
#2 C:\xampp\htdocs\sumaz\wp-content\plugins\astra-sites\inc\importers\batch-processing\helpers\class-wp-background-process-astra.php(41): Elementor\TemplateLibrary\Astra_Sites_Batch_Processing_Elementor->import()
#3 C:\xampp\htdocs\sumaz\wp-content\plugins\woocommerce\includes\libraries\wp-background-process.php(301): WP_Background_Process_Astra->task(Object(Elementor\TemplateLibrary\Astra_Sites_Batch_Processing_Elementor))
#4 C:\xampp\htdocs\sumaz\wp-content\plugins\woocommerce\includes\libraries\wp-background-process.php(447): WP_Background_Process->handle()
#5 C:\xampp\htdocs\sumaz\wp-includes\class-wp-hook.php(303): WP_Background_Process->handle_cron_healthcheck()
#6 C:\xampp\htdocs\sumaz\wp-includes\class-wp-hook.php(327): WP_Hook->apply_filters('', Array)
#7 C:\xampp\htdocs\sumaz\wp-includes\plugin.php(518): WP_Hook->do_action(Array)
#8 C:\xampp\htdocs\sumaz\wp-cron.php(138): do_action_ref_array('wp_image_proces...', Array)
#9 {main}
  thrown in C:\xampp\htdocs\sumaz\wp-content\plugins\elementor\core\base\document.php on line 851

2021-10-09T13:13:02+00:00 CRITICAL Uncaught Exception: Invalid data: {"data":["Array","Array"],"element":"Array"} in C:\xampp\htdocs\sumaz\wp-content\plugins\elementor\core\base\document.php:851
Stack trace:
#0 C:\xampp\htdocs\sumaz\wp-content\plugins\astra-sites\inc\importers\batch-processing\class-astra-sites-batch-processing-elementor.php(122): Elementor\Core\Base\Document->get_elements_raw_data(Array, true)
#1 C:\xampp\htdocs\sumaz\wp-content\plugins\astra-sites\inc\importers\batch-processing\class-astra-sites-batch-processing-elementor.php(66): Elementor\TemplateLibrary\Astra_Sites_Batch_Processing_Elementor->import_single_post(14)
#2 C:\xampp\htdocs\sumaz\wp-content\plugins\astra-sites\inc\importers\batch-processing\helpers\class-wp-background-process-astra.php(41): Elementor\TemplateLibrary\Astra_Sites_Batch_Processing_Elementor->import()
#3 C:\xampp\htdocs\sumaz\wp-content\plugins\woocommerce\includes\libraries\wp-background-process.php(301): WP_Background_Process_Astra->task(Object(Elementor\TemplateLibrary\Astra_Sites_Batch_Processing_Elementor))
#4 C:\xampp\htdocs\sumaz\wp-content\plugins\woocommerce\includes\libraries\wp-background-process.php(447): WP_Background_Process->handle()
#5 C:\xampp\htdocs\sumaz\wp-includes\class-wp-hook.php(303): WP_Background_Process->handle_cron_healthcheck()
#6 C:\xampp\htdocs\sumaz\wp-includes\class-wp-hook.php(327): WP_Hook->apply_filters('', Array)
#7 C:\xampp\htdocs\sumaz\wp-includes\plugin.php(518): WP_Hook->do_action(Array)
#8 C:\xampp\htdocs\sumaz\wp-cron.php(138): do_action_ref_array('wp_image_proces...', Array)
#9 {main}
  thrown in C:\xampp\htdocs\sumaz\wp-content\plugins\elementor\core\base\document.php on line 851

2021-10-09T13:17:59+00:00 CRITICAL Uncaught Exception: Invalid data: {"data":["Array","Array"],"element":"Array"} in C:\xampp\htdocs\sumaz\wp-content\plugins\elementor\core\base\document.php:851
Stack trace:
#0 C:\xampp\htdocs\sumaz\wp-content\plugins\astra-sites\inc\importers\batch-processing\class-astra-sites-batch-processing-elementor.php(122): Elementor\Core\Base\Document->get_elements_raw_data(Array, true)
#1 C:\xampp\htdocs\sumaz\wp-content\plugins\astra-sites\inc\importers\batch-processing\class-astra-sites-batch-processing-elementor.php(66): Elementor\TemplateLibrary\Astra_Sites_Batch_Processing_Elementor->import_single_post(14)
#2 C:\xampp\htdocs\sumaz\wp-content\plugins\astra-sites\inc\importers\batch-processing\helpers\class-wp-background-process-astra.php(41): Elementor\TemplateLibrary\Astra_Sites_Batch_Processing_Elementor->import()
#3 C:\xampp\htdocs\sumaz\wp-content\plugins\woocommerce\includes\libraries\wp-background-process.php(301): WP_Background_Process_Astra->task(Object(Elementor\TemplateLibrary\Astra_Sites_Batch_Processing_Elementor))
#4 C:\xampp\htdocs\sumaz\wp-content\plugins\woocommerce\includes\libraries\wp-background-process.php(447): WP_Background_Process->handle()
#5 C:\xampp\htdocs\sumaz\wp-includes\class-wp-hook.php(303): WP_Background_Process->handle_cron_healthcheck()
#6 C:\xampp\htdocs\sumaz\wp-includes\class-wp-hook.php(327): WP_Hook->apply_filters('', Array)
#7 C:\xampp\htdocs\sumaz\wp-includes\plugin.php(518): WP_Hook->do_action(Array)
#8 C:\xampp\htdocs\sumaz\wp-cron.php(138): do_action_ref_array('wp_image_proces...', Array)
#9 {main}
  thrown in C:\xampp\htdocs\sumaz\wp-content\plugins\elementor\core\base\document.php on line 851

2021-10-09T13:23:01+00:00 CRITICAL Uncaught Exception: Invalid data: {"data":["Array","Array"],"element":"Array"} in C:\xampp\htdocs\sumaz\wp-content\plugins\elementor\core\base\document.php:851
Stack trace:
#0 C:\xampp\htdocs\sumaz\wp-content\plugins\astra-sites\inc\importers\batch-processing\class-astra-sites-batch-processing-elementor.php(122): Elementor\Core\Base\Document->get_elements_raw_data(Array, true)
#1 C:\xampp\htdocs\sumaz\wp-content\plugins\astra-sites\inc\importers\batch-processing\class-astra-sites-batch-processing-elementor.php(66): Elementor\TemplateLibrary\Astra_Sites_Batch_Processing_Elementor->import_single_post(14)
#2 C:\xampp\htdocs\sumaz\wp-content\plugins\astra-sites\inc\importers\batch-processing\helpers\class-wp-background-process-astra.php(41): Elementor\TemplateLibrary\Astra_Sites_Batch_Processing_Elementor->import()
#3 C:\xampp\htdocs\sumaz\wp-content\plugins\woocommerce\includes\libraries\wp-background-process.php(301): WP_Background_Process_Astra->task(Object(Elementor\TemplateLibrary\Astra_Sites_Batch_Processing_Elementor))
#4 C:\xampp\htdocs\sumaz\wp-content\plugins\woocommerce\includes\libraries\wp-background-process.php(447): WP_Background_Process->handle()
#5 C:\xampp\htdocs\sumaz\wp-includes\class-wp-hook.php(303): WP_Background_Process->handle_cron_healthcheck()
#6 C:\xampp\htdocs\sumaz\wp-includes\class-wp-hook.php(327): WP_Hook->apply_filters('', Array)
#7 C:\xampp\htdocs\sumaz\wp-includes\plugin.php(518): WP_Hook->do_action(Array)
#8 C:\xampp\htdocs\sumaz\wp-cron.php(138): do_action_ref_array('wp_image_proces...', Array)
#9 {main}
  thrown in C:\xampp\htdocs\sumaz\wp-content\plugins\elementor\core\base\document.php on line 851

2021-10-09T13:28:41+00:00 CRITICAL Uncaught Exception: Invalid data: {"data":["Array","Array"],"element":"Array"} in C:\xampp\htdocs\sumaz\wp-content\plugins\elementor\core\base\document.php:851
Stack trace:
#0 C:\xampp\htdocs\sumaz\wp-content\plugins\astra-sites\inc\importers\batch-processing\class-astra-sites-batch-processing-elementor.php(122): Elementor\Core\Base\Document->get_elements_raw_data(Array, true)
#1 C:\xampp\htdocs\sumaz\wp-content\plugins\astra-sites\inc\importers\batch-processing\class-astra-sites-batch-processing-elementor.php(66): Elementor\TemplateLibrary\Astra_Sites_Batch_Processing_Elementor->import_single_post(14)
#2 C:\xampp\htdocs\sumaz\wp-content\plugins\astra-sites\inc\importers\batch-processing\helpers\class-wp-background-process-astra.php(41): Elementor\TemplateLibrary\Astra_Sites_Batch_Processing_Elementor->import()
#3 C:\xampp\htdocs\sumaz\wp-content\plugins\woocommerce\includes\libraries\wp-background-process.php(301): WP_Background_Process_Astra->task(Object(Elementor\TemplateLibrary\Astra_Sites_Batch_Processing_Elementor))
#4 C:\xampp\htdocs\sumaz\wp-content\plugins\woocommerce\includes\libraries\wp-background-process.php(447): WP_Background_Process->handle()
#5 C:\xampp\htdocs\sumaz\wp-includes\class-wp-hook.php(303): WP_Background_Process->handle_cron_healthcheck()
#6 C:\xampp\htdocs\sumaz\wp-includes\class-wp-hook.php(327): WP_Hook->apply_filters('', Array)
#7 C:\xampp\htdocs\sumaz\wp-includes\plugin.php(518): WP_Hook->do_action(Array)
#8 C:\xampp\htdocs\sumaz\wp-cron.php(138): do_action_ref_array('wp_image_proces...', Array)
#9 {main}
  thrown in C:\xampp\htdocs\sumaz\wp-content\plugins\elementor\core\base\document.php on line 851

2021-10-09T13:32:59+00:00 CRITICAL Uncaught Exception: Invalid data: {"data":["Array","Array"],"element":"Array"} in C:\xampp\htdocs\sumaz\wp-content\plugins\elementor\core\base\document.php:851
Stack trace:
#0 C:\xampp\htdocs\sumaz\wp-content\plugins\astra-sites\inc\importers\batch-processing\class-astra-sites-batch-processing-elementor.php(122): Elementor\Core\Base\Document->get_elements_raw_data(Array, true)
#1 C:\xampp\htdocs\sumaz\wp-content\plugins\astra-sites\inc\importers\batch-processing\class-astra-sites-batch-processing-elementor.php(66): Elementor\TemplateLibrary\Astra_Sites_Batch_Processing_Elementor->import_single_post(14)
#2 C:\xampp\htdocs\sumaz\wp-content\plugins\astra-sites\inc\importers\batch-processing\helpers\class-wp-background-process-astra.php(41): Elementor\TemplateLibrary\Astra_Sites_Batch_Processing_Elementor->import()
#3 C:\xampp\htdocs\sumaz\wp-content\plugins\woocommerce\includes\libraries\wp-background-process.php(301): WP_Background_Process_Astra->task(Object(Elementor\TemplateLibrary\Astra_Sites_Batch_Processing_Elementor))
#4 C:\xampp\htdocs\sumaz\wp-content\plugins\woocommerce\includes\libraries\wp-background-process.php(447): WP_Background_Process->handle()
#5 C:\xampp\htdocs\sumaz\wp-includes\class-wp-hook.php(303): WP_Background_Process->handle_cron_healthcheck()
#6 C:\xampp\htdocs\sumaz\wp-includes\class-wp-hook.php(327): WP_Hook->apply_filters('', Array)
#7 C:\xampp\htdocs\sumaz\wp-includes\plugin.php(518): WP_Hook->do_action(Array)
#8 C:\xampp\htdocs\sumaz\wp-cron.php(138): do_action_ref_array('wp_image_proces...', Array)
#9 {main}
  thrown in C:\xampp\htdocs\sumaz\wp-content\plugins\elementor\core\base\document.php on line 851

2021-10-09T13:38:46+00:00 CRITICAL Uncaught Exception: Invalid data: {"data":["Array","Array"],"element":"Array"} in C:\xampp\htdocs\sumaz\wp-content\plugins\elementor\core\base\document.php:851
Stack trace:
#0 C:\xampp\htdocs\sumaz\wp-content\plugins\astra-sites\inc\importers\batch-processing\class-astra-sites-batch-processing-elementor.php(122): Elementor\Core\Base\Document->get_elements_raw_data(Array, true)
#1 C:\xampp\htdocs\sumaz\wp-content\plugins\astra-sites\inc\importers\batch-processing\class-astra-sites-batch-processing-elementor.php(66): Elementor\TemplateLibrary\Astra_Sites_Batch_Processing_Elementor->import_single_post(14)
#2 C:\xampp\htdocs\sumaz\wp-content\plugins\astra-sites\inc\importers\batch-processing\helpers\class-wp-background-process-astra.php(41): Elementor\TemplateLibrary\Astra_Sites_Batch_Processing_Elementor->import()
#3 C:\xampp\htdocs\sumaz\wp-content\plugins\woocommerce\includes\libraries\wp-background-process.php(301): WP_Background_Process_Astra->task(Object(Elementor\TemplateLibrary\Astra_Sites_Batch_Processing_Elementor))
#4 C:\xampp\htdocs\sumaz\wp-content\plugins\woocommerce\includes\libraries\wp-background-process.php(447): WP_Background_Process->handle()
#5 C:\xampp\htdocs\sumaz\wp-includes\class-wp-hook.php(303): WP_Background_Process->handle_cron_healthcheck()
#6 C:\xampp\htdocs\sumaz\wp-includes\class-wp-hook.php(327): WP_Hook->apply_filters('', Array)
#7 C:\xampp\htdocs\sumaz\wp-includes\plugin.php(518): WP_Hook->do_action(Array)
#8 C:\xampp\htdocs\sumaz\wp-cron.php(138): do_action_ref_array('wp_image_proces...', Array)
#9 {main}
  thrown in C:\xampp\htdocs\sumaz\wp-content\plugins\elementor\core\base\document.php on line 851

2021-10-09T13:43:05+00:00 CRITICAL Uncaught Exception: Invalid data: {"data":["Array","Array"],"element":"Array"} in C:\xampp\htdocs\sumaz\wp-content\plugins\elementor\core\base\document.php:851
Stack trace:
#0 C:\xampp\htdocs\sumaz\wp-content\plugins\astra-sites\inc\importers\batch-processing\class-astra-sites-batch-processing-elementor.php(122): Elementor\Core\Base\Document->get_elements_raw_data(Array, true)
#1 C:\xampp\htdocs\sumaz\wp-content\plugins\astra-sites\inc\importers\batch-processing\class-astra-sites-batch-processing-elementor.php(66): Elementor\TemplateLibrary\Astra_Sites_Batch_Processing_Elementor->import_single_post(14)
#2 C:\xampp\htdocs\sumaz\wp-content\plugins\astra-sites\inc\importers\batch-processing\helpers\class-wp-background-process-astra.php(41): Elementor\TemplateLibrary\Astra_Sites_Batch_Processing_Elementor->import()
#3 C:\xampp\htdocs\sumaz\wp-content\plugins\woocommerce\includes\libraries\wp-background-process.php(301): WP_Background_Process_Astra->task(Object(Elementor\TemplateLibrary\Astra_Sites_Batch_Processing_Elementor))
#4 C:\xampp\htdocs\sumaz\wp-content\plugins\woocommerce\includes\libraries\wp-background-process.php(447): WP_Background_Process->handle()
#5 C:\xampp\htdocs\sumaz\wp-includes\class-wp-hook.php(303): WP_Background_Process->handle_cron_healthcheck()
#6 C:\xampp\htdocs\sumaz\wp-includes\class-wp-hook.php(327): WP_Hook->apply_filters('', Array)
#7 C:\xampp\htdocs\sumaz\wp-includes\plugin.php(518): WP_Hook->do_action(Array)
#8 C:\xampp\htdocs\sumaz\wp-cron.php(138): do_action_ref_array('wp_image_proces...', Array)
#9 {main}
  thrown in C:\xampp\htdocs\sumaz\wp-content\plugins\elementor\core\base\document.php on line 851

2021-10-09T13:48:47+00:00 CRITICAL Uncaught Exception: Invalid data: {"data":["Array","Array"],"element":"Array"} in C:\xampp\htdocs\sumaz\wp-content\plugins\elementor\core\base\document.php:851
Stack trace:
#0 C:\xampp\htdocs\sumaz\wp-content\plugins\astra-sites\inc\importers\batch-processing\class-astra-sites-batch-processing-elementor.php(122): Elementor\Core\Base\Document->get_elements_raw_data(Array, true)
#1 C:\xampp\htdocs\sumaz\wp-content\plugins\astra-sites\inc\importers\batch-processing\class-astra-sites-batch-processing-elementor.php(66): Elementor\TemplateLibrary\Astra_Sites_Batch_Processing_Elementor->import_single_post(14)
#2 C:\xampp\htdocs\sumaz\wp-content\plugins\astra-sites\inc\importers\batch-processing\helpers\class-wp-background-process-astra.php(41): Elementor\TemplateLibrary\Astra_Sites_Batch_Processing_Elementor->import()
#3 C:\xampp\htdocs\sumaz\wp-content\plugins\woocommerce\includes\libraries\wp-background-process.php(301): WP_Background_Process_Astra->task(Object(Elementor\TemplateLibrary\Astra_Sites_Batch_Processing_Elementor))
#4 C:\xampp\htdocs\sumaz\wp-content\plugins\woocommerce\includes\libraries\wp-background-process.php(447): WP_Background_Process->handle()
#5 C:\xampp\htdocs\sumaz\wp-includes\class-wp-hook.php(303): WP_Background_Process->handle_cron_healthcheck()
#6 C:\xampp\htdocs\sumaz\wp-includes\class-wp-hook.php(327): WP_Hook->apply_filters('', Array)
#7 C:\xampp\htdocs\sumaz\wp-includes\plugin.php(518): WP_Hook->do_action(Array)
#8 C:\xampp\htdocs\sumaz\wp-cron.php(138): do_action_ref_array('wp_image_proces...', Array)
#9 {main}
  thrown in C:\xampp\htdocs\sumaz\wp-content\plugins\elementor\core\base\document.php on line 851

2021-10-09T13:52:56+00:00 CRITICAL Uncaught Exception: Invalid data: {"data":["Array","Array"],"element":"Array"} in C:\xampp\htdocs\sumaz\wp-content\plugins\elementor\core\base\document.php:851
Stack trace:
#0 C:\xampp\htdocs\sumaz\wp-content\plugins\astra-sites\inc\importers\batch-processing\class-astra-sites-batch-processing-elementor.php(122): Elementor\Core\Base\Document->get_elements_raw_data(Array, true)
#1 C:\xampp\htdocs\sumaz\wp-content\plugins\astra-sites\inc\importers\batch-processing\class-astra-sites-batch-processing-elementor.php(66): Elementor\TemplateLibrary\Astra_Sites_Batch_Processing_Elementor->import_single_post(14)
#2 C:\xampp\htdocs\sumaz\wp-content\plugins\astra-sites\inc\importers\batch-processing\helpers\class-wp-background-process-astra.php(41): Elementor\TemplateLibrary\Astra_Sites_Batch_Processing_Elementor->import()
#3 C:\xampp\htdocs\sumaz\wp-content\plugins\woocommerce\includes\libraries\wp-background-process.php(301): WP_Background_Process_Astra->task(Object(Elementor\TemplateLibrary\Astra_Sites_Batch_Processing_Elementor))
#4 C:\xampp\htdocs\sumaz\wp-content\plugins\woocommerce\includes\libraries\wp-background-process.php(447): WP_Background_Process->handle()
#5 C:\xampp\htdocs\sumaz\wp-includes\class-wp-hook.php(303): WP_Background_Process->handle_cron_healthcheck()
#6 C:\xampp\htdocs\sumaz\wp-includes\class-wp-hook.php(327): WP_Hook->apply_filters('', Array)
#7 C:\xampp\htdocs\sumaz\wp-includes\plugin.php(518): WP_Hook->do_action(Array)
#8 C:\xampp\htdocs\sumaz\wp-cron.php(138): do_action_ref_array('wp_image_proces...', Array)
#9 {main}
  thrown in C:\xampp\htdocs\sumaz\wp-content\plugins\elementor\core\base\document.php on line 851

2021-10-09T13:58:00+00:00 CRITICAL Uncaught Exception: Invalid data: {"data":["Array","Array"],"element":"Array"} in C:\xampp\htdocs\sumaz\wp-content\plugins\elementor\core\base\document.php:851
Stack trace:
#0 C:\xampp\htdocs\sumaz\wp-content\plugins\astra-sites\inc\importers\batch-processing\class-astra-sites-batch-processing-elementor.php(122): Elementor\Core\Base\Document->get_elements_raw_data(Array, true)
#1 C:\xampp\htdocs\sumaz\wp-content\plugins\astra-sites\inc\importers\batch-processing\class-astra-sites-batch-processing-elementor.php(66): Elementor\TemplateLibrary\Astra_Sites_Batch_Processing_Elementor->import_single_post(14)
#2 C:\xampp\htdocs\sumaz\wp-content\plugins\astra-sites\inc\importers\batch-processing\helpers\class-wp-background-process-astra.php(41): Elementor\TemplateLibrary\Astra_Sites_Batch_Processing_Elementor->import()
#3 C:\xampp\htdocs\sumaz\wp-content\plugins\woocommerce\includes\libraries\wp-background-process.php(301): WP_Background_Process_Astra->task(Object(Elementor\TemplateLibrary\Astra_Sites_Batch_Processing_Elementor))
#4 C:\xampp\htdocs\sumaz\wp-content\plugins\woocommerce\includes\libraries\wp-background-process.php(447): WP_Background_Process->handle()
#5 C:\xampp\htdocs\sumaz\wp-includes\class-wp-hook.php(303): WP_Background_Process->handle_cron_healthcheck()
#6 C:\xampp\htdocs\sumaz\wp-includes\class-wp-hook.php(327): WP_Hook->apply_filters('', Array)
#7 C:\xampp\htdocs\sumaz\wp-includes\plugin.php(518): WP_Hook->do_action(Array)
#8 C:\xampp\htdocs\sumaz\wp-cron.php(138): do_action_ref_array('wp_image_proces...', Array)
#9 {main}
  thrown in C:\xampp\htdocs\sumaz\wp-content\plugins\elementor\core\base\document.php on line 851

2021-10-09T14:03:05+00:00 CRITICAL Uncaught Exception: Invalid data: {"data":["Array","Array"],"element":"Array"} in C:\xampp\htdocs\sumaz\wp-content\plugins\elementor\core\base\document.php:851
Stack trace:
#0 C:\xampp\htdocs\sumaz\wp-content\plugins\astra-sites\inc\importers\batch-processing\class-astra-sites-batch-processing-elementor.php(122): Elementor\Core\Base\Document->get_elements_raw_data(Array, true)
#1 C:\xampp\htdocs\sumaz\wp-content\plugins\astra-sites\inc\importers\batch-processing\class-astra-sites-batch-processing-elementor.php(66): Elementor\TemplateLibrary\Astra_Sites_Batch_Processing_Elementor->import_single_post(14)
#2 C:\xampp\htdocs\sumaz\wp-content\plugins\astra-sites\inc\importers\batch-processing\helpers\class-wp-background-process-astra.php(41): Elementor\TemplateLibrary\Astra_Sites_Batch_Processing_Elementor->import()
#3 C:\xampp\htdocs\sumaz\wp-content\plugins\woocommerce\includes\libraries\wp-background-process.php(301): WP_Background_Process_Astra->task(Object(Elementor\TemplateLibrary\Astra_Sites_Batch_Processing_Elementor))
#4 C:\xampp\htdocs\sumaz\wp-content\plugins\woocommerce\includes\libraries\wp-background-process.php(447): WP_Background_Process->handle()
#5 C:\xampp\htdocs\sumaz\wp-includes\class-wp-hook.php(303): WP_Background_Process->handle_cron_healthcheck()
#6 C:\xampp\htdocs\sumaz\wp-includes\class-wp-hook.php(327): WP_Hook->apply_filters('', Array)
#7 C:\xampp\htdocs\sumaz\wp-includes\plugin.php(518): WP_Hook->do_action(Array)
#8 C:\xampp\htdocs\sumaz\wp-cron.php(138): do_action_ref_array('wp_image_proces...', Array)
#9 {main}
  thrown in C:\xampp\htdocs\sumaz\wp-content\plugins\elementor\core\base\document.php on line 851

2021-10-09T14:08:14+00:00 CRITICAL Uncaught Exception: Invalid data: {"data":["Array","Array"],"element":"Array"} in C:\xampp\htdocs\sumaz\wp-content\plugins\elementor\core\base\document.php:851
Stack trace:
#0 C:\xampp\htdocs\sumaz\wp-content\plugins\astra-sites\inc\importers\batch-processing\class-astra-sites-batch-processing-elementor.php(122): Elementor\Core\Base\Document->get_elements_raw_data(Array, true)
#1 C:\xampp\htdocs\sumaz\wp-content\plugins\astra-sites\inc\importers\batch-processing\class-astra-sites-batch-processing-elementor.php(66): Elementor\TemplateLibrary\Astra_Sites_Batch_Processing_Elementor->import_single_post(14)
#2 C:\xampp\htdocs\sumaz\wp-content\plugins\astra-sites\inc\importers\batch-processing\helpers\class-wp-background-process-astra.php(41): Elementor\TemplateLibrary\Astra_Sites_Batch_Processing_Elementor->import()
#3 C:\xampp\htdocs\sumaz\wp-content\plugins\woocommerce\includes\libraries\wp-background-process.php(301): WP_Background_Process_Astra->task(Object(Elementor\TemplateLibrary\Astra_Sites_Batch_Processing_Elementor))
#4 C:\xampp\htdocs\sumaz\wp-content\plugins\woocommerce\includes\libraries\wp-background-process.php(447): WP_Background_Process->handle()
#5 C:\xampp\htdocs\sumaz\wp-includes\class-wp-hook.php(303): WP_Background_Process->handle_cron_healthcheck()
#6 C:\xampp\htdocs\sumaz\wp-includes\class-wp-hook.php(327): WP_Hook->apply_filters('', Array)
#7 C:\xampp\htdocs\sumaz\wp-includes\plugin.php(518): WP_Hook->do_action(Array)
#8 C:\xampp\htdocs\sumaz\wp-cron.php(138): do_action_ref_array('wp_image_proces...', Array)
#9 {main}
  thrown in C:\xampp\htdocs\sumaz\wp-content\plugins\elementor\core\base\document.php on line 851

2021-10-09T14:13:11+00:00 CRITICAL Uncaught Exception: Invalid data: {"data":["Array","Array"],"element":"Array"} in C:\xampp\htdocs\sumaz\wp-content\plugins\elementor\core\base\document.php:851
Stack trace:
#0 C:\xampp\htdocs\sumaz\wp-content\plugins\astra-sites\inc\importers\batch-processing\class-astra-sites-batch-processing-elementor.php(122): Elementor\Core\Base\Document->get_elements_raw_data(Array, true)
#1 C:\xampp\htdocs\sumaz\wp-content\plugins\astra-sites\inc\importers\batch-processing\class-astra-sites-batch-processing-elementor.php(66): Elementor\TemplateLibrary\Astra_Sites_Batch_Processing_Elementor->import_single_post(14)
#2 C:\xampp\htdocs\sumaz\wp-content\plugins\astra-sites\inc\importers\batch-processing\helpers\class-wp-background-process-astra.php(41): Elementor\TemplateLibrary\Astra_Sites_Batch_Processing_Elementor->import()
#3 C:\xampp\htdocs\sumaz\wp-content\plugins\woocommerce\includes\libraries\wp-background-process.php(301): WP_Background_Process_Astra->task(Object(Elementor\TemplateLibrary\Astra_Sites_Batch_Processing_Elementor))
#4 C:\xampp\htdocs\sumaz\wp-content\plugins\woocommerce\includes\libraries\wp-background-process.php(447): WP_Background_Process->handle()
#5 C:\xampp\htdocs\sumaz\wp-includes\class-wp-hook.php(303): WP_Background_Process->handle_cron_healthcheck()
#6 C:\xampp\htdocs\sumaz\wp-includes\class-wp-hook.php(327): WP_Hook->apply_filters('', Array)
#7 C:\xampp\htdocs\sumaz\wp-includes\plugin.php(518): WP_Hook->do_action(Array)
#8 C:\xampp\htdocs\sumaz\wp-cron.php(138): do_action_ref_array('wp_image_proces...', Array)
#9 {main}
  thrown in C:\xampp\htdocs\sumaz\wp-content\plugins\elementor\core\base\document.php on line 851

2021-10-09T14:19:14+00:00 CRITICAL Uncaught Exception: Invalid data: {"data":["Array","Array"],"element":"Array"} in C:\xampp\htdocs\sumaz\wp-content\plugins\elementor\core\base\document.php:851
Stack trace:
#0 C:\xampp\htdocs\sumaz\wp-content\plugins\astra-sites\inc\importers\batch-processing\class-astra-sites-batch-processing-elementor.php(122): Elementor\Core\Base\Document->get_elements_raw_data(Array, true)
#1 C:\xampp\htdocs\sumaz\wp-content\plugins\astra-sites\inc\importers\batch-processing\class-astra-sites-batch-processing-elementor.php(66): Elementor\TemplateLibrary\Astra_Sites_Batch_Processing_Elementor->import_single_post(14)
#2 C:\xampp\htdocs\sumaz\wp-content\plugins\astra-sites\inc\importers\batch-processing\helpers\class-wp-background-process-astra.php(41): Elementor\TemplateLibrary\Astra_Sites_Batch_Processing_Elementor->import()
#3 C:\xampp\htdocs\sumaz\wp-content\plugins\woocommerce\includes\libraries\wp-background-process.php(301): WP_Background_Process_Astra->task(Object(Elementor\TemplateLibrary\Astra_Sites_Batch_Processing_Elementor))
#4 C:\xampp\htdocs\sumaz\wp-content\plugins\woocommerce\includes\libraries\wp-background-process.php(447): WP_Background_Process->handle()
#5 C:\xampp\htdocs\sumaz\wp-includes\class-wp-hook.php(303): WP_Background_Process->handle_cron_healthcheck()
#6 C:\xampp\htdocs\sumaz\wp-includes\class-wp-hook.php(327): WP_Hook->apply_filters('', Array)
#7 C:\xampp\htdocs\sumaz\wp-includes\plugin.php(518): WP_Hook->do_action(Array)
#8 C:\xampp\htdocs\sumaz\wp-cron.php(138): do_action_ref_array('wp_image_proces...', Array)
#9 {main}
  thrown in C:\xampp\htdocs\sumaz\wp-content\plugins\elementor\core\base\document.php on line 851

2021-10-09T14:23:16+00:00 CRITICAL Uncaught Exception: Invalid data: {"data":["Array","Array"],"element":"Array"} in C:\xampp\htdocs\sumaz\wp-content\plugins\elementor\core\base\document.php:851
Stack trace:
#0 C:\xampp\htdocs\sumaz\wp-content\plugins\astra-sites\inc\importers\batch-processing\class-astra-sites-batch-processing-elementor.php(122): Elementor\Core\Base\Document->get_elements_raw_data(Array, true)
#1 C:\xampp\htdocs\sumaz\wp-content\plugins\astra-sites\inc\importers\batch-processing\class-astra-sites-batch-processing-elementor.php(66): Elementor\TemplateLibrary\Astra_Sites_Batch_Processing_Elementor->import_single_post(14)
#2 C:\xampp\htdocs\sumaz\wp-content\plugins\astra-sites\inc\importers\batch-processing\helpers\class-wp-background-process-astra.php(41): Elementor\TemplateLibrary\Astra_Sites_Batch_Processing_Elementor->import()
#3 C:\xampp\htdocs\sumaz\wp-content\plugins\woocommerce\includes\libraries\wp-background-process.php(301): WP_Background_Process_Astra->task(Object(Elementor\TemplateLibrary\Astra_Sites_Batch_Processing_Elementor))
#4 C:\xampp\htdocs\sumaz\wp-content\plugins\woocommerce\includes\libraries\wp-background-process.php(447): WP_Background_Process->handle()
#5 C:\xampp\htdocs\sumaz\wp-includes\class-wp-hook.php(303): WP_Background_Process->handle_cron_healthcheck()
#6 C:\xampp\htdocs\sumaz\wp-includes\class-wp-hook.php(327): WP_Hook->apply_filters('', Array)
#7 C:\xampp\htdocs\sumaz\wp-includes\plugin.php(518): WP_Hook->do_action(Array)
#8 C:\xampp\htdocs\sumaz\wp-cron.php(138): do_action_ref_array('wp_image_proces...', Array)
#9 {main}
  thrown in C:\xampp\htdocs\sumaz\wp-content\plugins\elementor\core\base\document.php on line 851

2021-10-09T14:29:19+00:00 CRITICAL Uncaught Exception: Invalid data: {"data":["Array","Array"],"element":"Array"} in C:\xampp\htdocs\sumaz\wp-content\plugins\elementor\core\base\document.php:851
Stack trace:
#0 C:\xampp\htdocs\sumaz\wp-content\plugins\astra-sites\inc\importers\batch-processing\class-astra-sites-batch-processing-elementor.php(122): Elementor\Core\Base\Document->get_elements_raw_data(Array, true)
#1 C:\xampp\htdocs\sumaz\wp-content\plugins\astra-sites\inc\importers\batch-processing\class-astra-sites-batch-processing-elementor.php(66): Elementor\TemplateLibrary\Astra_Sites_Batch_Processing_Elementor->import_single_post(14)
#2 C:\xampp\htdocs\sumaz\wp-content\plugins\astra-sites\inc\importers\batch-processing\helpers\class-wp-background-process-astra.php(41): Elementor\TemplateLibrary\Astra_Sites_Batch_Processing_Elementor->import()
#3 C:\xampp\htdocs\sumaz\wp-content\plugins\woocommerce\includes\libraries\wp-background-process.php(301): WP_Background_Process_Astra->task(Object(Elementor\TemplateLibrary\Astra_Sites_Batch_Processing_Elementor))
#4 C:\xampp\htdocs\sumaz\wp-content\plugins\woocommerce\includes\libraries\wp-background-process.php(447): WP_Background_Process->handle()
#5 C:\xampp\htdocs\sumaz\wp-includes\class-wp-hook.php(303): WP_Background_Process->handle_cron_healthcheck()
#6 C:\xampp\htdocs\sumaz\wp-includes\class-wp-hook.php(327): WP_Hook->apply_filters('', Array)
#7 C:\xampp\htdocs\sumaz\wp-includes\plugin.php(518): WP_Hook->do_action(Array)
#8 C:\xampp\htdocs\sumaz\wp-cron.php(138): do_action_ref_array('wp_image_proces...', Array)
#9 {main}
  thrown in C:\xampp\htdocs\sumaz\wp-content\plugins\elementor\core\base\document.php on line 851

2021-10-09T15:26:14+00:00 CRITICAL Uncaught Exception: Invalid data: {"data":["Array","Array"],"element":"Array"} in C:\xampp\htdocs\sumaz\wp-content\plugins\elementor\core\base\document.php:851
Stack trace:
#0 C:\xampp\htdocs\sumaz\wp-content\plugins\astra-sites\inc\importers\batch-processing\class-astra-sites-batch-processing-elementor.php(122): Elementor\Core\Base\Document->get_elements_raw_data(Array, true)
#1 C:\xampp\htdocs\sumaz\wp-content\plugins\astra-sites\inc\importers\batch-processing\class-astra-sites-batch-processing-elementor.php(66): Elementor\TemplateLibrary\Astra_Sites_Batch_Processing_Elementor->import_single_post(14)
#2 C:\xampp\htdocs\sumaz\wp-content\plugins\astra-sites\inc\importers\batch-processing\helpers\class-wp-background-process-astra.php(41): Elementor\TemplateLibrary\Astra_Sites_Batch_Processing_Elementor->import()
#3 C:\xampp\htdocs\sumaz\wp-content\plugins\woocommerce\includes\libraries\wp-background-process.php(301): WP_Background_Process_Astra->task(Object(Elementor\TemplateLibrary\Astra_Sites_Batch_Processing_Elementor))
#4 C:\xampp\htdocs\sumaz\wp-content\plugins\woocommerce\includes\libraries\wp-background-process.php(447): WP_Background_Process->handle()
#5 C:\xampp\htdocs\sumaz\wp-includes\class-wp-hook.php(303): WP_Background_Process->handle_cron_healthcheck()
#6 C:\xampp\htdocs\sumaz\wp-includes\class-wp-hook.php(327): WP_Hook->apply_filters('', Array)
#7 C:\xampp\htdocs\sumaz\wp-includes\plugin.php(518): WP_Hook->do_action(Array)
#8 C:\xampp\htdocs\sumaz\wp-cron.php(138): do_action_ref_array('wp_image_proces...', Array)
#9 {main}
  thrown in C:\xampp\htdocs\sumaz\wp-content\plugins\elementor\core\base\document.php on line 851

2021-10-09T15:27:52+00:00 CRITICAL Uncaught Exception: Invalid data: {"data":["Array","Array"],"element":"Array"} in C:\xampp\htdocs\sumaz\wp-content\plugins\elementor\core\base\document.php:851
Stack trace:
#0 C:\xampp\htdocs\sumaz\wp-content\plugins\astra-sites\inc\importers\batch-processing\class-astra-sites-batch-processing-elementor.php(122): Elementor\Core\Base\Document->get_elements_raw_data(Array, true)
#1 C:\xampp\htdocs\sumaz\wp-content\plugins\astra-sites\inc\importers\batch-processing\class-astra-sites-batch-processing-elementor.php(66): Elementor\TemplateLibrary\Astra_Sites_Batch_Processing_Elementor->import_single_post(14)
#2 C:\xampp\htdocs\sumaz\wp-content\plugins\astra-sites\inc\importers\batch-processing\helpers\class-wp-background-process-astra.php(41): Elementor\TemplateLibrary\Astra_Sites_Batch_Processing_Elementor->import()
#3 C:\xampp\htdocs\sumaz\wp-content\plugins\woocommerce\includes\libraries\wp-background-process.php(301): WP_Background_Process_Astra->task(Object(Elementor\TemplateLibrary\Astra_Sites_Batch_Processing_Elementor))
#4 C:\xampp\htdocs\sumaz\wp-content\plugins\woocommerce\includes\libraries\wp-background-process.php(447): WP_Background_Process->handle()
#5 C:\xampp\htdocs\sumaz\wp-includes\class-wp-hook.php(303): WP_Background_Process->handle_cron_healthcheck()
#6 C:\xampp\htdocs\sumaz\wp-includes\class-wp-hook.php(327): WP_Hook->apply_filters('', Array)
#7 C:\xampp\htdocs\sumaz\wp-includes\plugin.php(518): WP_Hook->do_action(Array)
#8 C:\xampp\htdocs\sumaz\wp-cron.php(138): do_action_ref_array('wp_image_proces...', Array)
#9 {main}
  thrown in C:\xampp\htdocs\sumaz\wp-content\plugins\elementor\core\base\document.php on line 851

2021-10-09T15:32:54+00:00 CRITICAL Uncaught Exception: Invalid data: {"data":["Array","Array"],"element":"Array"} in C:\xampp\htdocs\sumaz\wp-content\plugins\elementor\core\base\document.php:851
Stack trace:
#0 C:\xampp\htdocs\sumaz\wp-content\plugins\astra-sites\inc\importers\batch-processing\class-astra-sites-batch-processing-elementor.php(122): Elementor\Core\Base\Document->get_elements_raw_data(Array, true)
#1 C:\xampp\htdocs\sumaz\wp-content\plugins\astra-sites\inc\importers\batch-processing\class-astra-sites-batch-processing-elementor.php(66): Elementor\TemplateLibrary\Astra_Sites_Batch_Processing_Elementor->import_single_post(14)
#2 C:\xampp\htdocs\sumaz\wp-content\plugins\astra-sites\inc\importers\batch-processing\helpers\class-wp-background-process-astra.php(41): Elementor\TemplateLibrary\Astra_Sites_Batch_Processing_Elementor->import()
#3 C:\xampp\htdocs\sumaz\wp-content\plugins\woocommerce\includes\libraries\wp-background-process.php(301): WP_Background_Process_Astra->task(Object(Elementor\TemplateLibrary\Astra_Sites_Batch_Processing_Elementor))
#4 C:\xampp\htdocs\sumaz\wp-content\plugins\woocommerce\includes\libraries\wp-background-process.php(447): WP_Background_Process->handle()
#5 C:\xampp\htdocs\sumaz\wp-includes\class-wp-hook.php(303): WP_Background_Process->handle_cron_healthcheck()
#6 C:\xampp\htdocs\sumaz\wp-includes\class-wp-hook.php(327): WP_Hook->apply_filters('', Array)
#7 C:\xampp\htdocs\sumaz\wp-includes\plugin.php(518): WP_Hook->do_action(Array)
#8 C:\xampp\htdocs\sumaz\wp-cron.php(138): do_action_ref_array('wp_image_proces...', Array)
#9 {main}
  thrown in C:\xampp\htdocs\sumaz\wp-content\plugins\elementor\core\base\document.php on line 851

2021-10-09T15:37:57+00:00 CRITICAL Uncaught Exception: Invalid data: {"data":["Array","Array"],"element":"Array"} in C:\xampp\htdocs\sumaz\wp-content\plugins\elementor\core\base\document.php:851
Stack trace:
#0 C:\xampp\htdocs\sumaz\wp-content\plugins\astra-sites\inc\importers\batch-processing\class-astra-sites-batch-processing-elementor.php(122): Elementor\Core\Base\Document->get_elements_raw_data(Array, true)
#1 C:\xampp\htdocs\sumaz\wp-content\plugins\astra-sites\inc\importers\batch-processing\class-astra-sites-batch-processing-elementor.php(66): Elementor\TemplateLibrary\Astra_Sites_Batch_Processing_Elementor->import_single_post(14)
#2 C:\xampp\htdocs\sumaz\wp-content\plugins\astra-sites\inc\importers\batch-processing\helpers\class-wp-background-process-astra.php(41): Elementor\TemplateLibrary\Astra_Sites_Batch_Processing_Elementor->import()
#3 C:\xampp\htdocs\sumaz\wp-content\plugins\woocommerce\includes\libraries\wp-background-process.php(301): WP_Background_Process_Astra->task(Object(Elementor\TemplateLibrary\Astra_Sites_Batch_Processing_Elementor))
#4 C:\xampp\htdocs\sumaz\wp-content\plugins\woocommerce\includes\libraries\wp-background-process.php(447): WP_Background_Process->handle()
#5 C:\xampp\htdocs\sumaz\wp-includes\class-wp-hook.php(303): WP_Background_Process->handle_cron_healthcheck()
#6 C:\xampp\htdocs\sumaz\wp-includes\class-wp-hook.php(327): WP_Hook->apply_filters('', Array)
#7 C:\xampp\htdocs\sumaz\wp-includes\plugin.php(518): WP_Hook->do_action(Array)
#8 C:\xampp\htdocs\sumaz\wp-cron.php(138): do_action_ref_array('wp_image_proces...', Array)
#9 {main}
  thrown in C:\xampp\htdocs\sumaz\wp-content\plugins\elementor\core\base\document.php on line 851

2021-10-09T15:43:05+00:00 CRITICAL Uncaught Exception: Invalid data: {"data":["Array","Array"],"element":"Array"} in C:\xampp\htdocs\sumaz\wp-content\plugins\elementor\core\base\document.php:851
Stack trace:
#0 C:\xampp\htdocs\sumaz\wp-content\plugins\astra-sites\inc\importers\batch-processing\class-astra-sites-batch-processing-elementor.php(122): Elementor\Core\Base\Document->get_elements_raw_data(Array, true)
#1 C:\xampp\htdocs\sumaz\wp-content\plugins\astra-sites\inc\importers\batch-processing\class-astra-sites-batch-processing-elementor.php(66): Elementor\TemplateLibrary\Astra_Sites_Batch_Processing_Elementor->import_single_post(14)
#2 C:\xampp\htdocs\sumaz\wp-content\plugins\astra-sites\inc\importers\batch-processing\helpers\class-wp-background-process-astra.php(41): Elementor\TemplateLibrary\Astra_Sites_Batch_Processing_Elementor->import()
#3 C:\xampp\htdocs\sumaz\wp-content\plugins\woocommerce\includes\libraries\wp-background-process.php(301): WP_Background_Process_Astra->task(Object(Elementor\TemplateLibrary\Astra_Sites_Batch_Processing_Elementor))
#4 C:\xampp\htdocs\sumaz\wp-content\plugins\woocommerce\includes\libraries\wp-background-process.php(447): WP_Background_Process->handle()
#5 C:\xampp\htdocs\sumaz\wp-includes\class-wp-hook.php(303): WP_Background_Process->handle_cron_healthcheck()
#6 C:\xampp\htdocs\sumaz\wp-includes\class-wp-hook.php(327): WP_Hook->apply_filters('', Array)
#7 C:\xampp\htdocs\sumaz\wp-includes\plugin.php(518): WP_Hook->do_action(Array)
#8 C:\xampp\htdocs\sumaz\wp-cron.php(138): do_action_ref_array('wp_image_proces...', Array)
#9 {main}
  thrown in C:\xampp\htdocs\sumaz\wp-content\plugins\elementor\core\base\document.php on line 851

2021-10-09T15:48:21+00:00 CRITICAL Uncaught Exception: Invalid data: {"data":["Array","Array"],"element":"Array"} in C:\xampp\htdocs\sumaz\wp-content\plugins\elementor\core\base\document.php:851
Stack trace:
#0 C:\xampp\htdocs\sumaz\wp-content\plugins\astra-sites\inc\importers\batch-processing\class-astra-sites-batch-processing-elementor.php(122): Elementor\Core\Base\Document->get_elements_raw_data(Array, true)
#1 C:\xampp\htdocs\sumaz\wp-content\plugins\astra-sites\inc\importers\batch-processing\class-astra-sites-batch-processing-elementor.php(66): Elementor\TemplateLibrary\Astra_Sites_Batch_Processing_Elementor->import_single_post(14)
#2 C:\xampp\htdocs\sumaz\wp-content\plugins\astra-sites\inc\importers\batch-processing\helpers\class-wp-background-process-astra.php(41): Elementor\TemplateLibrary\Astra_Sites_Batch_Processing_Elementor->import()
#3 C:\xampp\htdocs\sumaz\wp-content\plugins\woocommerce\includes\libraries\wp-background-process.php(301): WP_Background_Process_Astra->task(Object(Elementor\TemplateLibrary\Astra_Sites_Batch_Processing_Elementor))
#4 C:\xampp\htdocs\sumaz\wp-content\plugins\woocommerce\includes\libraries\wp-background-process.php(447): WP_Background_Process->handle()
#5 C:\xampp\htdocs\sumaz\wp-includes\class-wp-hook.php(303): WP_Background_Process->handle_cron_healthcheck()
#6 C:\xampp\htdocs\sumaz\wp-includes\class-wp-hook.php(327): WP_Hook->apply_filters('', Array)
#7 C:\xampp\htdocs\sumaz\wp-includes\plugin.php(518): WP_Hook->do_action(Array)
#8 C:\xampp\htdocs\sumaz\wp-cron.php(138): do_action_ref_array('wp_image_proces...', Array)
#9 {main}
  thrown in C:\xampp\htdocs\sumaz\wp-content\plugins\elementor\core\base\document.php on line 851

2021-10-09T15:53:17+00:00 CRITICAL Uncaught Exception: Invalid data: {"data":["Array","Array"],"element":"Array"} in C:\xampp\htdocs\sumaz\wp-content\plugins\elementor\core\base\document.php:851
Stack trace:
#0 C:\xampp\htdocs\sumaz\wp-content\plugins\astra-sites\inc\importers\batch-processing\class-astra-sites-batch-processing-elementor.php(122): Elementor\Core\Base\Document->get_elements_raw_data(Array, true)
#1 C:\xampp\htdocs\sumaz\wp-content\plugins\astra-sites\inc\importers\batch-processing\class-astra-sites-batch-processing-elementor.php(66): Elementor\TemplateLibrary\Astra_Sites_Batch_Processing_Elementor->import_single_post(14)
#2 C:\xampp\htdocs\sumaz\wp-content\plugins\astra-sites\inc\importers\batch-processing\helpers\class-wp-background-process-astra.php(41): Elementor\TemplateLibrary\Astra_Sites_Batch_Processing_Elementor->import()
#3 C:\xampp\htdocs\sumaz\wp-content\plugins\woocommerce\includes\libraries\wp-background-process.php(301): WP_Background_Process_Astra->task(Object(Elementor\TemplateLibrary\Astra_Sites_Batch_Processing_Elementor))
#4 C:\xampp\htdocs\sumaz\wp-content\plugins\woocommerce\includes\libraries\wp-background-process.php(447): WP_Background_Process->handle()
#5 C:\xampp\htdocs\sumaz\wp-includes\class-wp-hook.php(303): WP_Background_Process->handle_cron_healthcheck()
#6 C:\xampp\htdocs\sumaz\wp-includes\class-wp-hook.php(327): WP_Hook->apply_filters('', Array)
#7 C:\xampp\htdocs\sumaz\wp-includes\plugin.php(518): WP_Hook->do_action(Array)
#8 C:\xampp\htdocs\sumaz\wp-cron.php(138): do_action_ref_array('wp_image_proces...', Array)
#9 {main}
  thrown in C:\xampp\htdocs\sumaz\wp-content\plugins\elementor\core\base\document.php on line 851

2021-10-09T15:58:06+00:00 CRITICAL Uncaught Exception: Invalid data: {"data":["Array","Array"],"element":"Array"} in C:\xampp\htdocs\sumaz\wp-content\plugins\elementor\core\base\document.php:851
Stack trace:
#0 C:\xampp\htdocs\sumaz\wp-content\plugins\astra-sites\inc\importers\batch-processing\class-astra-sites-batch-processing-elementor.php(122): Elementor\Core\Base\Document->get_elements_raw_data(Array, true)
#1 C:\xampp\htdocs\sumaz\wp-content\plugins\astra-sites\inc\importers\batch-processing\class-astra-sites-batch-processing-elementor.php(66): Elementor\TemplateLibrary\Astra_Sites_Batch_Processing_Elementor->import_single_post(14)
#2 C:\xampp\htdocs\sumaz\wp-content\plugins\astra-sites\inc\importers\batch-processing\helpers\class-wp-background-process-astra.php(41): Elementor\TemplateLibrary\Astra_Sites_Batch_Processing_Elementor->import()
#3 C:\xampp\htdocs\sumaz\wp-content\plugins\woocommerce\includes\libraries\wp-background-process.php(301): WP_Background_Process_Astra->task(Object(Elementor\TemplateLibrary\Astra_Sites_Batch_Processing_Elementor))
#4 C:\xampp\htdocs\sumaz\wp-content\plugins\woocommerce\includes\libraries\wp-background-process.php(447): WP_Background_Process->handle()
#5 C:\xampp\htdocs\sumaz\wp-includes\class-wp-hook.php(303): WP_Background_Process->handle_cron_healthcheck()
#6 C:\xampp\htdocs\sumaz\wp-includes\class-wp-hook.php(327): WP_Hook->apply_filters('', Array)
#7 C:\xampp\htdocs\sumaz\wp-includes\plugin.php(518): WP_Hook->do_action(Array)
#8 C:\xampp\htdocs\sumaz\wp-cron.php(138): do_action_ref_array('wp_image_proces...', Array)
#9 {main}
  thrown in C:\xampp\htdocs\sumaz\wp-content\plugins\elementor\core\base\document.php on line 851

