2021-10-06T12:55:33+00:00 CRITICAL Uncaught Exception: Invalid data: {"data":["Array","Array"],"element":"Array"} in C:\xampp\htdocs\sumaz\wp-content\plugins\elementor\core\base\document.php:851
Stack trace:
#0 C:\xampp\htdocs\sumaz\wp-content\plugins\astra-sites\inc\importers\batch-processing\class-astra-sites-batch-processing-elementor.php(122): Elementor\Core\Base\Document->get_elements_raw_data(Array, true)
#1 C:\xampp\htdocs\sumaz\wp-content\plugins\astra-sites\inc\importers\batch-processing\class-astra-sites-batch-processing-elementor.php(66): Elementor\TemplateLibrary\Astra_Sites_Batch_Processing_Elementor->import_single_post(14)
#2 C:\xampp\htdocs\sumaz\wp-content\plugins\astra-sites\inc\importers\batch-processing\helpers\class-wp-background-process-astra.php(41): Elementor\TemplateLibrary\Astra_Sites_Batch_Processing_Elementor->import()
#3 C:\xampp\htdocs\sumaz\wp-content\plugins\woocommerce\includes\libraries\wp-background-process.php(301): WP_Background_Process_Astra->task(Object(Elementor\TemplateLibrary\Astra_Sites_Batch_Processing_Elementor))
#4 C:\xampp\htdocs\sumaz\wp-content\plugins\woocommerce\includes\libraries\wp-background-process.php(447): WP_Background_Process->handle()
#5 C:\xampp\htdocs\sumaz\wp-includes\class-wp-hook.php(303): WP_Background_Process->handle_cron_healthcheck()
#6 C:\xampp\htdocs\sumaz\wp-includes\class-wp-hook.php(327): WP_Hook->apply_filters('', Array)
#7 C:\xampp\htdocs\sumaz\wp-includes\plugin.php(518): WP_Hook->do_action(Array)
#8 C:\xampp\htdocs\sumaz\wp-cron.php(138): do_action_ref_array('wp_image_proces...', Array)
#9 {main}
  thrown in C:\xampp\htdocs\sumaz\wp-content\plugins\elementor\core\base\document.php on line 851

2021-10-06T13:01:23+00:00 CRITICAL Uncaught Exception: Invalid data: {"data":["Array","Array"],"element":"Array"} in C:\xampp\htdocs\sumaz\wp-content\plugins\elementor\core\base\document.php:851
Stack trace:
#0 C:\xampp\htdocs\sumaz\wp-content\plugins\astra-sites\inc\importers\batch-processing\class-astra-sites-batch-processing-elementor.php(122): Elementor\Core\Base\Document->get_elements_raw_data(Array, true)
#1 C:\xampp\htdocs\sumaz\wp-content\plugins\astra-sites\inc\importers\batch-processing\class-astra-sites-batch-processing-elementor.php(66): Elementor\TemplateLibrary\Astra_Sites_Batch_Processing_Elementor->import_single_post(14)
#2 C:\xampp\htdocs\sumaz\wp-content\plugins\astra-sites\inc\importers\batch-processing\helpers\class-wp-background-process-astra.php(41): Elementor\TemplateLibrary\Astra_Sites_Batch_Processing_Elementor->import()
#3 C:\xampp\htdocs\sumaz\wp-content\plugins\woocommerce\includes\libraries\wp-background-process.php(301): WP_Background_Process_Astra->task(Object(Elementor\TemplateLibrary\Astra_Sites_Batch_Processing_Elementor))
#4 C:\xampp\htdocs\sumaz\wp-content\plugins\woocommerce\includes\libraries\wp-background-process.php(447): WP_Background_Process->handle()
#5 C:\xampp\htdocs\sumaz\wp-includes\class-wp-hook.php(303): WP_Background_Process->handle_cron_healthcheck()
#6 C:\xampp\htdocs\sumaz\wp-includes\class-wp-hook.php(327): WP_Hook->apply_filters('', Array)
#7 C:\xampp\htdocs\sumaz\wp-includes\plugin.php(518): WP_Hook->do_action(Array)
#8 C:\xampp\htdocs\sumaz\wp-cron.php(138): do_action_ref_array('wp_image_proces...', Array)
#9 {main}
  thrown in C:\xampp\htdocs\sumaz\wp-content\plugins\elementor\core\base\document.php on line 851

2021-10-06T13:03:07+00:00 CRITICAL Uncaught Exception: Invalid data: {"data":["Array","Array"],"element":"Array"} in C:\xampp\htdocs\sumaz\wp-content\plugins\elementor\core\base\document.php:851
Stack trace:
#0 C:\xampp\htdocs\sumaz\wp-content\plugins\astra-sites\inc\importers\batch-processing\class-astra-sites-batch-processing-elementor.php(122): Elementor\Core\Base\Document->get_elements_raw_data(Array, true)
#1 C:\xampp\htdocs\sumaz\wp-content\plugins\astra-sites\inc\importers\batch-processing\class-astra-sites-batch-processing-elementor.php(66): Elementor\TemplateLibrary\Astra_Sites_Batch_Processing_Elementor->import_single_post(14)
#2 C:\xampp\htdocs\sumaz\wp-content\plugins\astra-sites\inc\importers\batch-processing\helpers\class-wp-background-process-astra.php(41): Elementor\TemplateLibrary\Astra_Sites_Batch_Processing_Elementor->import()
#3 C:\xampp\htdocs\sumaz\wp-content\plugins\woocommerce\includes\libraries\wp-background-process.php(301): WP_Background_Process_Astra->task(Object(Elementor\TemplateLibrary\Astra_Sites_Batch_Processing_Elementor))
#4 C:\xampp\htdocs\sumaz\wp-content\plugins\woocommerce\includes\libraries\wp-background-process.php(447): WP_Background_Process->handle()
#5 C:\xampp\htdocs\sumaz\wp-includes\class-wp-hook.php(303): WP_Background_Process->handle_cron_healthcheck()
#6 C:\xampp\htdocs\sumaz\wp-includes\class-wp-hook.php(327): WP_Hook->apply_filters('', Array)
#7 C:\xampp\htdocs\sumaz\wp-includes\plugin.php(518): WP_Hook->do_action(Array)
#8 C:\xampp\htdocs\sumaz\wp-cron.php(138): do_action_ref_array('wp_image_proces...', Array)
#9 {main}
  thrown in C:\xampp\htdocs\sumaz\wp-content\plugins\elementor\core\base\document.php on line 851

2021-10-06T13:07:57+00:00 CRITICAL Uncaught Exception: Invalid data: {"data":["Array","Array"],"element":"Array"} in C:\xampp\htdocs\sumaz\wp-content\plugins\elementor\core\base\document.php:851
Stack trace:
#0 C:\xampp\htdocs\sumaz\wp-content\plugins\astra-sites\inc\importers\batch-processing\class-astra-sites-batch-processing-elementor.php(122): Elementor\Core\Base\Document->get_elements_raw_data(Array, true)
#1 C:\xampp\htdocs\sumaz\wp-content\plugins\astra-sites\inc\importers\batch-processing\class-astra-sites-batch-processing-elementor.php(66): Elementor\TemplateLibrary\Astra_Sites_Batch_Processing_Elementor->import_single_post(14)
#2 C:\xampp\htdocs\sumaz\wp-content\plugins\astra-sites\inc\importers\batch-processing\helpers\class-wp-background-process-astra.php(41): Elementor\TemplateLibrary\Astra_Sites_Batch_Processing_Elementor->import()
#3 C:\xampp\htdocs\sumaz\wp-content\plugins\woocommerce\includes\libraries\wp-background-process.php(301): WP_Background_Process_Astra->task(Object(Elementor\TemplateLibrary\Astra_Sites_Batch_Processing_Elementor))
#4 C:\xampp\htdocs\sumaz\wp-content\plugins\woocommerce\includes\libraries\wp-background-process.php(447): WP_Background_Process->handle()
#5 C:\xampp\htdocs\sumaz\wp-includes\class-wp-hook.php(303): WP_Background_Process->handle_cron_healthcheck()
#6 C:\xampp\htdocs\sumaz\wp-includes\class-wp-hook.php(327): WP_Hook->apply_filters('', Array)
#7 C:\xampp\htdocs\sumaz\wp-includes\plugin.php(518): WP_Hook->do_action(Array)
#8 C:\xampp\htdocs\sumaz\wp-cron.php(138): do_action_ref_array('wp_image_proces...', Array)
#9 {main}
  thrown in C:\xampp\htdocs\sumaz\wp-content\plugins\elementor\core\base\document.php on line 851

2021-10-06T13:13:01+00:00 CRITICAL Uncaught Exception: Invalid data: {"data":["Array","Array"],"element":"Array"} in C:\xampp\htdocs\sumaz\wp-content\plugins\elementor\core\base\document.php:851
Stack trace:
#0 C:\xampp\htdocs\sumaz\wp-content\plugins\astra-sites\inc\importers\batch-processing\class-astra-sites-batch-processing-elementor.php(122): Elementor\Core\Base\Document->get_elements_raw_data(Array, true)
#1 C:\xampp\htdocs\sumaz\wp-content\plugins\astra-sites\inc\importers\batch-processing\class-astra-sites-batch-processing-elementor.php(66): Elementor\TemplateLibrary\Astra_Sites_Batch_Processing_Elementor->import_single_post(14)
#2 C:\xampp\htdocs\sumaz\wp-content\plugins\astra-sites\inc\importers\batch-processing\helpers\class-wp-background-process-astra.php(41): Elementor\TemplateLibrary\Astra_Sites_Batch_Processing_Elementor->import()
#3 C:\xampp\htdocs\sumaz\wp-content\plugins\woocommerce\includes\libraries\wp-background-process.php(301): WP_Background_Process_Astra->task(Object(Elementor\TemplateLibrary\Astra_Sites_Batch_Processing_Elementor))
#4 C:\xampp\htdocs\sumaz\wp-content\plugins\woocommerce\includes\libraries\wp-background-process.php(447): WP_Background_Process->handle()
#5 C:\xampp\htdocs\sumaz\wp-includes\class-wp-hook.php(303): WP_Background_Process->handle_cron_healthcheck()
#6 C:\xampp\htdocs\sumaz\wp-includes\class-wp-hook.php(327): WP_Hook->apply_filters('', Array)
#7 C:\xampp\htdocs\sumaz\wp-includes\plugin.php(518): WP_Hook->do_action(Array)
#8 C:\xampp\htdocs\sumaz\wp-cron.php(138): do_action_ref_array('wp_image_proces...', Array)
#9 {main}
  thrown in C:\xampp\htdocs\sumaz\wp-content\plugins\elementor\core\base\document.php on line 851

2021-10-06T13:18:20+00:00 CRITICAL Uncaught Exception: Invalid data: {"data":["Array","Array"],"element":"Array"} in C:\xampp\htdocs\sumaz\wp-content\plugins\elementor\core\base\document.php:851
Stack trace:
#0 C:\xampp\htdocs\sumaz\wp-content\plugins\astra-sites\inc\importers\batch-processing\class-astra-sites-batch-processing-elementor.php(122): Elementor\Core\Base\Document->get_elements_raw_data(Array, true)
#1 C:\xampp\htdocs\sumaz\wp-content\plugins\astra-sites\inc\importers\batch-processing\class-astra-sites-batch-processing-elementor.php(66): Elementor\TemplateLibrary\Astra_Sites_Batch_Processing_Elementor->import_single_post(14)
#2 C:\xampp\htdocs\sumaz\wp-content\plugins\astra-sites\inc\importers\batch-processing\helpers\class-wp-background-process-astra.php(41): Elementor\TemplateLibrary\Astra_Sites_Batch_Processing_Elementor->import()
#3 C:\xampp\htdocs\sumaz\wp-content\plugins\woocommerce\includes\libraries\wp-background-process.php(301): WP_Background_Process_Astra->task(Object(Elementor\TemplateLibrary\Astra_Sites_Batch_Processing_Elementor))
#4 C:\xampp\htdocs\sumaz\wp-content\plugins\woocommerce\includes\libraries\wp-background-process.php(447): WP_Background_Process->handle()
#5 C:\xampp\htdocs\sumaz\wp-includes\class-wp-hook.php(303): WP_Background_Process->handle_cron_healthcheck()
#6 C:\xampp\htdocs\sumaz\wp-includes\class-wp-hook.php(327): WP_Hook->apply_filters('', Array)
#7 C:\xampp\htdocs\sumaz\wp-includes\plugin.php(518): WP_Hook->do_action(Array)
#8 C:\xampp\htdocs\sumaz\wp-cron.php(138): do_action_ref_array('wp_image_proces...', Array)
#9 {main}
  thrown in C:\xampp\htdocs\sumaz\wp-content\plugins\elementor\core\base\document.php on line 851

2021-10-06T13:23:08+00:00 CRITICAL Uncaught Exception: Invalid data: {"data":["Array","Array"],"element":"Array"} in C:\xampp\htdocs\sumaz\wp-content\plugins\elementor\core\base\document.php:851
Stack trace:
#0 C:\xampp\htdocs\sumaz\wp-content\plugins\astra-sites\inc\importers\batch-processing\class-astra-sites-batch-processing-elementor.php(122): Elementor\Core\Base\Document->get_elements_raw_data(Array, true)
#1 C:\xampp\htdocs\sumaz\wp-content\plugins\astra-sites\inc\importers\batch-processing\class-astra-sites-batch-processing-elementor.php(66): Elementor\TemplateLibrary\Astra_Sites_Batch_Processing_Elementor->import_single_post(14)
#2 C:\xampp\htdocs\sumaz\wp-content\plugins\astra-sites\inc\importers\batch-processing\helpers\class-wp-background-process-astra.php(41): Elementor\TemplateLibrary\Astra_Sites_Batch_Processing_Elementor->import()
#3 C:\xampp\htdocs\sumaz\wp-content\plugins\woocommerce\includes\libraries\wp-background-process.php(301): WP_Background_Process_Astra->task(Object(Elementor\TemplateLibrary\Astra_Sites_Batch_Processing_Elementor))
#4 C:\xampp\htdocs\sumaz\wp-content\plugins\woocommerce\includes\libraries\wp-background-process.php(447): WP_Background_Process->handle()
#5 C:\xampp\htdocs\sumaz\wp-includes\class-wp-hook.php(303): WP_Background_Process->handle_cron_healthcheck()
#6 C:\xampp\htdocs\sumaz\wp-includes\class-wp-hook.php(327): WP_Hook->apply_filters('', Array)
#7 C:\xampp\htdocs\sumaz\wp-includes\plugin.php(518): WP_Hook->do_action(Array)
#8 C:\xampp\htdocs\sumaz\wp-cron.php(138): do_action_ref_array('wp_image_proces...', Array)
#9 {main}
  thrown in C:\xampp\htdocs\sumaz\wp-content\plugins\elementor\core\base\document.php on line 851

2021-10-06T13:28:11+00:00 CRITICAL Uncaught Exception: Invalid data: {"data":["Array","Array"],"element":"Array"} in C:\xampp\htdocs\sumaz\wp-content\plugins\elementor\core\base\document.php:851
Stack trace:
#0 C:\xampp\htdocs\sumaz\wp-content\plugins\astra-sites\inc\importers\batch-processing\class-astra-sites-batch-processing-elementor.php(122): Elementor\Core\Base\Document->get_elements_raw_data(Array, true)
#1 C:\xampp\htdocs\sumaz\wp-content\plugins\astra-sites\inc\importers\batch-processing\class-astra-sites-batch-processing-elementor.php(66): Elementor\TemplateLibrary\Astra_Sites_Batch_Processing_Elementor->import_single_post(14)
#2 C:\xampp\htdocs\sumaz\wp-content\plugins\astra-sites\inc\importers\batch-processing\helpers\class-wp-background-process-astra.php(41): Elementor\TemplateLibrary\Astra_Sites_Batch_Processing_Elementor->import()
#3 C:\xampp\htdocs\sumaz\wp-content\plugins\woocommerce\includes\libraries\wp-background-process.php(301): WP_Background_Process_Astra->task(Object(Elementor\TemplateLibrary\Astra_Sites_Batch_Processing_Elementor))
#4 C:\xampp\htdocs\sumaz\wp-content\plugins\woocommerce\includes\libraries\wp-background-process.php(447): WP_Background_Process->handle()
#5 C:\xampp\htdocs\sumaz\wp-includes\class-wp-hook.php(303): WP_Background_Process->handle_cron_healthcheck()
#6 C:\xampp\htdocs\sumaz\wp-includes\class-wp-hook.php(327): WP_Hook->apply_filters('', Array)
#7 C:\xampp\htdocs\sumaz\wp-includes\plugin.php(518): WP_Hook->do_action(Array)
#8 C:\xampp\htdocs\sumaz\wp-cron.php(138): do_action_ref_array('wp_image_proces...', Array)
#9 {main}
  thrown in C:\xampp\htdocs\sumaz\wp-content\plugins\elementor\core\base\document.php on line 851

2021-10-06T13:32:53+00:00 CRITICAL Uncaught Exception: Invalid data: {"data":["Array","Array"],"element":"Array"} in C:\xampp\htdocs\sumaz\wp-content\plugins\elementor\core\base\document.php:851
Stack trace:
#0 C:\xampp\htdocs\sumaz\wp-content\plugins\astra-sites\inc\importers\batch-processing\class-astra-sites-batch-processing-elementor.php(122): Elementor\Core\Base\Document->get_elements_raw_data(Array, true)
#1 C:\xampp\htdocs\sumaz\wp-content\plugins\astra-sites\inc\importers\batch-processing\class-astra-sites-batch-processing-elementor.php(66): Elementor\TemplateLibrary\Astra_Sites_Batch_Processing_Elementor->import_single_post(14)
#2 C:\xampp\htdocs\sumaz\wp-content\plugins\astra-sites\inc\importers\batch-processing\helpers\class-wp-background-process-astra.php(41): Elementor\TemplateLibrary\Astra_Sites_Batch_Processing_Elementor->import()
#3 C:\xampp\htdocs\sumaz\wp-content\plugins\woocommerce\includes\libraries\wp-background-process.php(301): WP_Background_Process_Astra->task(Object(Elementor\TemplateLibrary\Astra_Sites_Batch_Processing_Elementor))
#4 C:\xampp\htdocs\sumaz\wp-content\plugins\woocommerce\includes\libraries\wp-background-process.php(447): WP_Background_Process->handle()
#5 C:\xampp\htdocs\sumaz\wp-includes\class-wp-hook.php(303): WP_Background_Process->handle_cron_healthcheck()
#6 C:\xampp\htdocs\sumaz\wp-includes\class-wp-hook.php(327): WP_Hook->apply_filters('', Array)
#7 C:\xampp\htdocs\sumaz\wp-includes\plugin.php(518): WP_Hook->do_action(Array)
#8 C:\xampp\htdocs\sumaz\wp-cron.php(138): do_action_ref_array('wp_image_proces...', Array)
#9 {main}
  thrown in C:\xampp\htdocs\sumaz\wp-content\plugins\elementor\core\base\document.php on line 851

2021-10-06T13:38:05+00:00 CRITICAL Uncaught Exception: Invalid data: {"data":["Array","Array"],"element":"Array"} in C:\xampp\htdocs\sumaz\wp-content\plugins\elementor\core\base\document.php:851
Stack trace:
#0 C:\xampp\htdocs\sumaz\wp-content\plugins\astra-sites\inc\importers\batch-processing\class-astra-sites-batch-processing-elementor.php(122): Elementor\Core\Base\Document->get_elements_raw_data(Array, true)
#1 C:\xampp\htdocs\sumaz\wp-content\plugins\astra-sites\inc\importers\batch-processing\class-astra-sites-batch-processing-elementor.php(66): Elementor\TemplateLibrary\Astra_Sites_Batch_Processing_Elementor->import_single_post(14)
#2 C:\xampp\htdocs\sumaz\wp-content\plugins\astra-sites\inc\importers\batch-processing\helpers\class-wp-background-process-astra.php(41): Elementor\TemplateLibrary\Astra_Sites_Batch_Processing_Elementor->import()
#3 C:\xampp\htdocs\sumaz\wp-content\plugins\woocommerce\includes\libraries\wp-background-process.php(301): WP_Background_Process_Astra->task(Object(Elementor\TemplateLibrary\Astra_Sites_Batch_Processing_Elementor))
#4 C:\xampp\htdocs\sumaz\wp-content\plugins\woocommerce\includes\libraries\wp-background-process.php(447): WP_Background_Process->handle()
#5 C:\xampp\htdocs\sumaz\wp-includes\class-wp-hook.php(303): WP_Background_Process->handle_cron_healthcheck()
#6 C:\xampp\htdocs\sumaz\wp-includes\class-wp-hook.php(327): WP_Hook->apply_filters('', Array)
#7 C:\xampp\htdocs\sumaz\wp-includes\plugin.php(518): WP_Hook->do_action(Array)
#8 C:\xampp\htdocs\sumaz\wp-cron.php(138): do_action_ref_array('wp_image_proces...', Array)
#9 {main}
  thrown in C:\xampp\htdocs\sumaz\wp-content\plugins\elementor\core\base\document.php on line 851

2021-10-06T13:43:36+00:00 CRITICAL Uncaught Exception: Invalid data: {"data":["Array","Array"],"element":"Array"} in C:\xampp\htdocs\sumaz\wp-content\plugins\elementor\core\base\document.php:851
Stack trace:
#0 C:\xampp\htdocs\sumaz\wp-content\plugins\astra-sites\inc\importers\batch-processing\class-astra-sites-batch-processing-elementor.php(122): Elementor\Core\Base\Document->get_elements_raw_data(Array, true)
#1 C:\xampp\htdocs\sumaz\wp-content\plugins\astra-sites\inc\importers\batch-processing\class-astra-sites-batch-processing-elementor.php(66): Elementor\TemplateLibrary\Astra_Sites_Batch_Processing_Elementor->import_single_post(14)
#2 C:\xampp\htdocs\sumaz\wp-content\plugins\astra-sites\inc\importers\batch-processing\helpers\class-wp-background-process-astra.php(41): Elementor\TemplateLibrary\Astra_Sites_Batch_Processing_Elementor->import()
#3 C:\xampp\htdocs\sumaz\wp-content\plugins\woocommerce\includes\libraries\wp-background-process.php(301): WP_Background_Process_Astra->task(Object(Elementor\TemplateLibrary\Astra_Sites_Batch_Processing_Elementor))
#4 C:\xampp\htdocs\sumaz\wp-content\plugins\woocommerce\includes\libraries\wp-background-process.php(447): WP_Background_Process->handle()
#5 C:\xampp\htdocs\sumaz\wp-includes\class-wp-hook.php(303): WP_Background_Process->handle_cron_healthcheck()
#6 C:\xampp\htdocs\sumaz\wp-includes\class-wp-hook.php(327): WP_Hook->apply_filters('', Array)
#7 C:\xampp\htdocs\sumaz\wp-includes\plugin.php(518): WP_Hook->do_action(Array)
#8 C:\xampp\htdocs\sumaz\wp-cron.php(138): do_action_ref_array('wp_image_proces...', Array)
#9 {main}
  thrown in C:\xampp\htdocs\sumaz\wp-content\plugins\elementor\core\base\document.php on line 851

2021-10-06T13:48:04+00:00 CRITICAL Uncaught Exception: Invalid data: {"data":["Array","Array"],"element":"Array"} in C:\xampp\htdocs\sumaz\wp-content\plugins\elementor\core\base\document.php:851
Stack trace:
#0 C:\xampp\htdocs\sumaz\wp-content\plugins\astra-sites\inc\importers\batch-processing\class-astra-sites-batch-processing-elementor.php(122): Elementor\Core\Base\Document->get_elements_raw_data(Array, true)
#1 C:\xampp\htdocs\sumaz\wp-content\plugins\astra-sites\inc\importers\batch-processing\class-astra-sites-batch-processing-elementor.php(66): Elementor\TemplateLibrary\Astra_Sites_Batch_Processing_Elementor->import_single_post(14)
#2 C:\xampp\htdocs\sumaz\wp-content\plugins\astra-sites\inc\importers\batch-processing\helpers\class-wp-background-process-astra.php(41): Elementor\TemplateLibrary\Astra_Sites_Batch_Processing_Elementor->import()
#3 C:\xampp\htdocs\sumaz\wp-content\plugins\woocommerce\includes\libraries\wp-background-process.php(301): WP_Background_Process_Astra->task(Object(Elementor\TemplateLibrary\Astra_Sites_Batch_Processing_Elementor))
#4 C:\xampp\htdocs\sumaz\wp-content\plugins\woocommerce\includes\libraries\wp-background-process.php(447): WP_Background_Process->handle()
#5 C:\xampp\htdocs\sumaz\wp-includes\class-wp-hook.php(303): WP_Background_Process->handle_cron_healthcheck()
#6 C:\xampp\htdocs\sumaz\wp-includes\class-wp-hook.php(327): WP_Hook->apply_filters('', Array)
#7 C:\xampp\htdocs\sumaz\wp-includes\plugin.php(518): WP_Hook->do_action(Array)
#8 C:\xampp\htdocs\sumaz\wp-cron.php(138): do_action_ref_array('wp_image_proces...', Array)
#9 {main}
  thrown in C:\xampp\htdocs\sumaz\wp-content\plugins\elementor\core\base\document.php on line 851

2021-10-06T13:53:30+00:00 CRITICAL Uncaught Exception: Invalid data: {"data":["Array","Array"],"element":"Array"} in C:\xampp\htdocs\sumaz\wp-content\plugins\elementor\core\base\document.php:851
Stack trace:
#0 C:\xampp\htdocs\sumaz\wp-content\plugins\astra-sites\inc\importers\batch-processing\class-astra-sites-batch-processing-elementor.php(122): Elementor\Core\Base\Document->get_elements_raw_data(Array, true)
#1 C:\xampp\htdocs\sumaz\wp-content\plugins\astra-sites\inc\importers\batch-processing\class-astra-sites-batch-processing-elementor.php(66): Elementor\TemplateLibrary\Astra_Sites_Batch_Processing_Elementor->import_single_post(14)
#2 C:\xampp\htdocs\sumaz\wp-content\plugins\astra-sites\inc\importers\batch-processing\helpers\class-wp-background-process-astra.php(41): Elementor\TemplateLibrary\Astra_Sites_Batch_Processing_Elementor->import()
#3 C:\xampp\htdocs\sumaz\wp-content\plugins\woocommerce\includes\libraries\wp-background-process.php(301): WP_Background_Process_Astra->task(Object(Elementor\TemplateLibrary\Astra_Sites_Batch_Processing_Elementor))
#4 C:\xampp\htdocs\sumaz\wp-content\plugins\woocommerce\includes\libraries\wp-background-process.php(447): WP_Background_Process->handle()
#5 C:\xampp\htdocs\sumaz\wp-includes\class-wp-hook.php(303): WP_Background_Process->handle_cron_healthcheck()
#6 C:\xampp\htdocs\sumaz\wp-includes\class-wp-hook.php(327): WP_Hook->apply_filters('', Array)
#7 C:\xampp\htdocs\sumaz\wp-includes\plugin.php(518): WP_Hook->do_action(Array)
#8 C:\xampp\htdocs\sumaz\wp-cron.php(138): do_action_ref_array('wp_image_proces...', Array)
#9 {main}
  thrown in C:\xampp\htdocs\sumaz\wp-content\plugins\elementor\core\base\document.php on line 851

2021-10-06T13:58:00+00:00 CRITICAL Uncaught Exception: Invalid data: {"data":["Array","Array"],"element":"Array"} in C:\xampp\htdocs\sumaz\wp-content\plugins\elementor\core\base\document.php:851
Stack trace:
#0 C:\xampp\htdocs\sumaz\wp-content\plugins\astra-sites\inc\importers\batch-processing\class-astra-sites-batch-processing-elementor.php(122): Elementor\Core\Base\Document->get_elements_raw_data(Array, true)
#1 C:\xampp\htdocs\sumaz\wp-content\plugins\astra-sites\inc\importers\batch-processing\class-astra-sites-batch-processing-elementor.php(66): Elementor\TemplateLibrary\Astra_Sites_Batch_Processing_Elementor->import_single_post(14)
#2 C:\xampp\htdocs\sumaz\wp-content\plugins\astra-sites\inc\importers\batch-processing\helpers\class-wp-background-process-astra.php(41): Elementor\TemplateLibrary\Astra_Sites_Batch_Processing_Elementor->import()
#3 C:\xampp\htdocs\sumaz\wp-content\plugins\woocommerce\includes\libraries\wp-background-process.php(301): WP_Background_Process_Astra->task(Object(Elementor\TemplateLibrary\Astra_Sites_Batch_Processing_Elementor))
#4 C:\xampp\htdocs\sumaz\wp-content\plugins\woocommerce\includes\libraries\wp-background-process.php(447): WP_Background_Process->handle()
#5 C:\xampp\htdocs\sumaz\wp-includes\class-wp-hook.php(303): WP_Background_Process->handle_cron_healthcheck()
#6 C:\xampp\htdocs\sumaz\wp-includes\class-wp-hook.php(327): WP_Hook->apply_filters('', Array)
#7 C:\xampp\htdocs\sumaz\wp-includes\plugin.php(518): WP_Hook->do_action(Array)
#8 C:\xampp\htdocs\sumaz\wp-cron.php(138): do_action_ref_array('wp_image_proces...', Array)
#9 {main}
  thrown in C:\xampp\htdocs\sumaz\wp-content\plugins\elementor\core\base\document.php on line 851

2021-10-06T14:04:01+00:00 CRITICAL Uncaught Exception: Invalid data: {"data":["Array","Array"],"element":"Array"} in C:\xampp\htdocs\sumaz\wp-content\plugins\elementor\core\base\document.php:851
Stack trace:
#0 C:\xampp\htdocs\sumaz\wp-content\plugins\astra-sites\inc\importers\batch-processing\class-astra-sites-batch-processing-elementor.php(122): Elementor\Core\Base\Document->get_elements_raw_data(Array, true)
#1 C:\xampp\htdocs\sumaz\wp-content\plugins\astra-sites\inc\importers\batch-processing\class-astra-sites-batch-processing-elementor.php(66): Elementor\TemplateLibrary\Astra_Sites_Batch_Processing_Elementor->import_single_post(14)
#2 C:\xampp\htdocs\sumaz\wp-content\plugins\astra-sites\inc\importers\batch-processing\helpers\class-wp-background-process-astra.php(41): Elementor\TemplateLibrary\Astra_Sites_Batch_Processing_Elementor->import()
#3 C:\xampp\htdocs\sumaz\wp-content\plugins\woocommerce\includes\libraries\wp-background-process.php(301): WP_Background_Process_Astra->task(Object(Elementor\TemplateLibrary\Astra_Sites_Batch_Processing_Elementor))
#4 C:\xampp\htdocs\sumaz\wp-content\plugins\woocommerce\includes\libraries\wp-background-process.php(447): WP_Background_Process->handle()
#5 C:\xampp\htdocs\sumaz\wp-includes\class-wp-hook.php(303): WP_Background_Process->handle_cron_healthcheck()
#6 C:\xampp\htdocs\sumaz\wp-includes\class-wp-hook.php(327): WP_Hook->apply_filters('', Array)
#7 C:\xampp\htdocs\sumaz\wp-includes\plugin.php(518): WP_Hook->do_action(Array)
#8 C:\xampp\htdocs\sumaz\wp-cron.php(138): do_action_ref_array('wp_image_proces...', Array)
#9 {main}
  thrown in C:\xampp\htdocs\sumaz\wp-content\plugins\elementor\core\base\document.php on line 851

2021-10-06T16:32:34+00:00 CRITICAL Uncaught Exception: Invalid data: {"data":["Array","Array"],"element":"Array"} in C:\xampp\htdocs\sumaz\wp-content\plugins\elementor\core\base\document.php:851
Stack trace:
#0 C:\xampp\htdocs\sumaz\wp-content\plugins\astra-sites\inc\importers\batch-processing\class-astra-sites-batch-processing-elementor.php(122): Elementor\Core\Base\Document->get_elements_raw_data(Array, true)
#1 C:\xampp\htdocs\sumaz\wp-content\plugins\astra-sites\inc\importers\batch-processing\class-astra-sites-batch-processing-elementor.php(66): Elementor\TemplateLibrary\Astra_Sites_Batch_Processing_Elementor->import_single_post(14)
#2 C:\xampp\htdocs\sumaz\wp-content\plugins\astra-sites\inc\importers\batch-processing\helpers\class-wp-background-process-astra.php(41): Elementor\TemplateLibrary\Astra_Sites_Batch_Processing_Elementor->import()
#3 C:\xampp\htdocs\sumaz\wp-content\plugins\woocommerce\includes\libraries\wp-background-process.php(301): WP_Background_Process_Astra->task(Object(Elementor\TemplateLibrary\Astra_Sites_Batch_Processing_Elementor))
#4 C:\xampp\htdocs\sumaz\wp-content\plugins\woocommerce\includes\libraries\wp-background-process.php(447): WP_Background_Process->handle()
#5 C:\xampp\htdocs\sumaz\wp-includes\class-wp-hook.php(303): WP_Background_Process->handle_cron_healthcheck()
#6 C:\xampp\htdocs\sumaz\wp-includes\class-wp-hook.php(327): WP_Hook->apply_filters('', Array)
#7 C:\xampp\htdocs\sumaz\wp-includes\plugin.php(518): WP_Hook->do_action(Array)
#8 C:\xampp\htdocs\sumaz\wp-cron.php(138): do_action_ref_array('wp_image_proces...', Array)
#9 {main}
  thrown in C:\xampp\htdocs\sumaz\wp-content\plugins\elementor\core\base\document.php on line 851

2021-10-06T16:34:13+00:00 CRITICAL Uncaught Exception: Invalid data: {"data":["Array","Array"],"element":"Array"} in C:\xampp\htdocs\sumaz\wp-content\plugins\elementor\core\base\document.php:851
Stack trace:
#0 C:\xampp\htdocs\sumaz\wp-content\plugins\astra-sites\inc\importers\batch-processing\class-astra-sites-batch-processing-elementor.php(122): Elementor\Core\Base\Document->get_elements_raw_data(Array, true)
#1 C:\xampp\htdocs\sumaz\wp-content\plugins\astra-sites\inc\importers\batch-processing\class-astra-sites-batch-processing-elementor.php(66): Elementor\TemplateLibrary\Astra_Sites_Batch_Processing_Elementor->import_single_post(14)
#2 C:\xampp\htdocs\sumaz\wp-content\plugins\astra-sites\inc\importers\batch-processing\helpers\class-wp-background-process-astra.php(41): Elementor\TemplateLibrary\Astra_Sites_Batch_Processing_Elementor->import()
#3 C:\xampp\htdocs\sumaz\wp-content\plugins\woocommerce\includes\libraries\wp-background-process.php(301): WP_Background_Process_Astra->task(Object(Elementor\TemplateLibrary\Astra_Sites_Batch_Processing_Elementor))
#4 C:\xampp\htdocs\sumaz\wp-content\plugins\woocommerce\includes\libraries\wp-background-process.php(447): WP_Background_Process->handle()
#5 C:\xampp\htdocs\sumaz\wp-includes\class-wp-hook.php(303): WP_Background_Process->handle_cron_healthcheck()
#6 C:\xampp\htdocs\sumaz\wp-includes\class-wp-hook.php(327): WP_Hook->apply_filters('', Array)
#7 C:\xampp\htdocs\sumaz\wp-includes\plugin.php(518): WP_Hook->do_action(Array)
#8 C:\xampp\htdocs\sumaz\wp-cron.php(138): do_action_ref_array('wp_image_proces...', Array)
#9 {main}
  thrown in C:\xampp\htdocs\sumaz\wp-content\plugins\elementor\core\base\document.php on line 851

2021-10-06T16:38:16+00:00 CRITICAL Uncaught Exception: Invalid data: {"data":["Array","Array"],"element":"Array"} in C:\xampp\htdocs\sumaz\wp-content\plugins\elementor\core\base\document.php:851
Stack trace:
#0 C:\xampp\htdocs\sumaz\wp-content\plugins\astra-sites\inc\importers\batch-processing\class-astra-sites-batch-processing-elementor.php(122): Elementor\Core\Base\Document->get_elements_raw_data(Array, true)
#1 C:\xampp\htdocs\sumaz\wp-content\plugins\astra-sites\inc\importers\batch-processing\class-astra-sites-batch-processing-elementor.php(66): Elementor\TemplateLibrary\Astra_Sites_Batch_Processing_Elementor->import_single_post(14)
#2 C:\xampp\htdocs\sumaz\wp-content\plugins\astra-sites\inc\importers\batch-processing\helpers\class-wp-background-process-astra.php(41): Elementor\TemplateLibrary\Astra_Sites_Batch_Processing_Elementor->import()
#3 C:\xampp\htdocs\sumaz\wp-content\plugins\woocommerce\includes\libraries\wp-background-process.php(301): WP_Background_Process_Astra->task(Object(Elementor\TemplateLibrary\Astra_Sites_Batch_Processing_Elementor))
#4 C:\xampp\htdocs\sumaz\wp-content\plugins\woocommerce\includes\libraries\wp-background-process.php(447): WP_Background_Process->handle()
#5 C:\xampp\htdocs\sumaz\wp-includes\class-wp-hook.php(303): WP_Background_Process->handle_cron_healthcheck()
#6 C:\xampp\htdocs\sumaz\wp-includes\class-wp-hook.php(327): WP_Hook->apply_filters('', Array)
#7 C:\xampp\htdocs\sumaz\wp-includes\plugin.php(518): WP_Hook->do_action(Array)
#8 C:\xampp\htdocs\sumaz\wp-cron.php(138): do_action_ref_array('wp_image_proces...', Array)
#9 {main}
  thrown in C:\xampp\htdocs\sumaz\wp-content\plugins\elementor\core\base\document.php on line 851

2021-10-06T17:45:53+00:00 CRITICAL Uncaught Exception: Invalid data: {"data":["Array","Array"],"element":"Array"} in C:\xampp\htdocs\sumaz\wp-content\plugins\elementor\core\base\document.php:851
Stack trace:
#0 C:\xampp\htdocs\sumaz\wp-content\plugins\astra-sites\inc\importers\batch-processing\class-astra-sites-batch-processing-elementor.php(122): Elementor\Core\Base\Document->get_elements_raw_data(Array, true)
#1 C:\xampp\htdocs\sumaz\wp-content\plugins\astra-sites\inc\importers\batch-processing\class-astra-sites-batch-processing-elementor.php(66): Elementor\TemplateLibrary\Astra_Sites_Batch_Processing_Elementor->import_single_post(14)
#2 C:\xampp\htdocs\sumaz\wp-content\plugins\astra-sites\inc\importers\batch-processing\helpers\class-wp-background-process-astra.php(41): Elementor\TemplateLibrary\Astra_Sites_Batch_Processing_Elementor->import()
#3 C:\xampp\htdocs\sumaz\wp-content\plugins\woocommerce\includes\libraries\wp-background-process.php(301): WP_Background_Process_Astra->task(Object(Elementor\TemplateLibrary\Astra_Sites_Batch_Processing_Elementor))
#4 C:\xampp\htdocs\sumaz\wp-content\plugins\woocommerce\includes\libraries\wp-background-process.php(447): WP_Background_Process->handle()
#5 C:\xampp\htdocs\sumaz\wp-includes\class-wp-hook.php(303): WP_Background_Process->handle_cron_healthcheck()
#6 C:\xampp\htdocs\sumaz\wp-includes\class-wp-hook.php(327): WP_Hook->apply_filters('', Array)
#7 C:\xampp\htdocs\sumaz\wp-includes\plugin.php(518): WP_Hook->do_action(Array)
#8 C:\xampp\htdocs\sumaz\wp-cron.php(138): do_action_ref_array('wp_image_proces...', Array)
#9 {main}
  thrown in C:\xampp\htdocs\sumaz\wp-content\plugins\elementor\core\base\document.php on line 851

